[2025-04-12T14:27:04.812Z] INFO: Server running at http://localhost:3000
[2025-04-12T14:27:04.856Z] INFO: MongoDB connected: localhost
[2025-04-12T14:27:20.513Z] INFO: Server running at http://localhost:3000
[2025-04-12T14:27:20.531Z] INFO: MongoDB connected: localhost
[2025-04-12T14:35:37.907Z] INFO: Server running at http://localhost:3000
[2025-04-12T14:35:37.923Z] INFO: MongoDB connected: localhost
[2025-04-12T14:38:46.864Z] INFO: Server running at http://localhost:3000
[2025-04-12T14:38:46.886Z] INFO: MongoDB connected: localhost
[2025-04-12T14:38:55.891Z] INFO: Server running at http://localhost:3000
[2025-04-12T14:38:55.906Z] INFO: MongoDB connected: localhost
[2025-04-12T14:39:10.350Z] INFO: Server running at http://localhost:3000
[2025-04-12T14:39:10.375Z] INFO: MongoDB connected: localhost
[2025-04-12T14:39:12.288Z] INFO: Server running at http://localhost:3000
[2025-04-12T14:39:12.305Z] INFO: MongoDB connected: localhost
[2025-04-12T14:39:23.179Z] INFO: Server running at http://localhost:3000
[2025-04-12T14:39:23.196Z] INFO: MongoDB connected: localhost
[2025-04-12T14:39:35.953Z] INFO: Server running at http://localhost:3000
[2025-04-12T14:39:35.970Z] INFO: MongoDB connected: localhost
[2025-04-12T14:39:55.322Z] INFO: Server running at http://localhost:3000
[2025-04-12T14:39:55.338Z] INFO: MongoDB connected: localhost
[2025-04-12T14:40:06.952Z] INFO: Server running at http://localhost:3000
[2025-04-12T14:40:06.978Z] INFO: MongoDB connected: localhost
[2025-04-12T14:40:16.001Z] INFO: Server running at http://localhost:3000
[2025-04-12T14:40:16.026Z] INFO: MongoDB connected: localhost
[2025-04-12T14:41:06.216Z] INFO: Server running at http://localhost:3000
[2025-04-12T14:41:06.237Z] INFO: MongoDB connected: localhost
[2025-04-12T14:41:24.812Z] INFO: Server running at http://localhost:3000
[2025-04-12T14:41:24.830Z] INFO: MongoDB connected: localhost
[2025-04-12T14:41:31.893Z] INFO: Server running at http://localhost:3000
[2025-04-12T14:41:31.919Z] INFO: MongoDB connected: localhost
[2025-04-12T14:41:40.455Z] INFO: Server running at http://localhost:3000
[2025-04-12T14:41:40.476Z] INFO: MongoDB connected: localhost
[2025-04-12T17:16:09.771Z] INFO: Server running at http://localhost:3000
[2025-04-12T17:16:09.828Z] INFO: MongoDB connected: localhost
[2025-04-12T17:16:31.815Z] INFO: Server running at http://localhost:3000
[2025-04-12T17:16:31.829Z] INFO: MongoDB connected: localhost
[2025-04-12T17:37:41.276Z] INFO: Server running at http://localhost:3000
[2025-04-12T17:37:41.303Z] INFO: MongoDB connected: localhost
[2025-04-12T17:39:49.293Z] INFO: Server running at http://localhost:3000
[2025-04-12T17:39:49.307Z] INFO: MongoDB connected: localhost
[2025-04-12T17:39:59.125Z] INFO: Server running at http://localhost:3000
[2025-04-12T17:39:59.140Z] INFO: MongoDB connected: localhost
[2025-04-12T17:44:34.278Z] INFO: Server running at http://localhost:3000
[2025-04-12T17:44:34.295Z] INFO: MongoDB connected: localhost
[2025-04-12T17:44:35.301Z] INFO: Server running at http://localhost:3000
[2025-04-12T17:44:35.315Z] INFO: MongoDB connected: localhost
[2025-04-12T17:44:41.109Z] INFO: Server running at http://localhost:3000
[2025-04-12T17:44:41.123Z] INFO: MongoDB connected: localhost
[2025-04-12T17:44:59.865Z] INFO: Server running at http://localhost:3000
[2025-04-12T17:44:59.879Z] INFO: MongoDB connected: localhost
[2025-04-12T17:45:10.185Z] INFO: Server running at http://localhost:3000
[2025-04-12T17:45:10.199Z] INFO: MongoDB connected: localhost
[2025-04-12T17:45:43.171Z] INFO: Server running at http://localhost:3000
[2025-04-12T17:45:43.189Z] INFO: MongoDB connected: localhost
[2025-04-12T17:45:50.503Z] INFO: Server running at http://localhost:3000
[2025-04-12T17:45:50.517Z] INFO: MongoDB connected: localhost
[2025-04-12T17:45:56.909Z] INFO: Server running at http://localhost:3000
[2025-04-12T17:45:56.923Z] INFO: MongoDB connected: localhost
[2025-04-12T17:46:11.555Z] INFO: Server running at http://localhost:3000
[2025-04-12T17:46:11.572Z] INFO: MongoDB connected: localhost
[2025-04-12T17:46:15.088Z] INFO: Server running at http://localhost:3000
[2025-04-12T17:46:15.103Z] INFO: MongoDB connected: localhost
[2025-04-12T17:46:23.704Z] INFO: Server running at http://localhost:3000
[2025-04-12T17:46:23.718Z] INFO: MongoDB connected: localhost
[2025-04-12T17:50:13.290Z] INFO: Server running at http://localhost:3000
[2025-04-12T17:50:13.308Z] INFO: MongoDB connected: localhost
[2025-04-12T17:51:41.334Z] INFO: Server running at http://localhost:3000
[2025-04-12T17:51:41.349Z] INFO: MongoDB connected: localhost
[2025-04-12T17:51:47.616Z] INFO: Server running at http://localhost:3000
[2025-04-12T17:51:47.631Z] INFO: MongoDB connected: localhost
[2025-04-12T17:52:14.871Z] INFO: Server running at http://localhost:3000
[2025-04-12T17:52:14.885Z] INFO: MongoDB connected: localhost
[2025-04-12T17:52:17.631Z] INFO: Server running at http://localhost:3000
[2025-04-12T17:52:17.646Z] INFO: MongoDB connected: localhost
[2025-04-12T17:52:24.510Z] INFO: Server running at http://localhost:3000
[2025-04-12T17:52:24.524Z] INFO: MongoDB connected: localhost
[2025-04-12T17:52:34.422Z] INFO: Server running at http://localhost:3000
[2025-04-12T17:52:34.437Z] INFO: MongoDB connected: localhost
[2025-04-12T17:52:35.406Z] INFO: Server running at http://localhost:3000
[2025-04-12T17:52:35.422Z] INFO: MongoDB connected: localhost
[2025-04-12T17:52:38.776Z] INFO: Server running at http://localhost:3000
[2025-04-12T17:52:38.790Z] INFO: MongoDB connected: localhost
[2025-04-12T17:52:39.926Z] INFO: Server running at http://localhost:3000
[2025-04-12T17:52:39.940Z] INFO: MongoDB connected: localhost
[2025-04-12T17:52:41.085Z] INFO: Server running at http://localhost:3000
[2025-04-12T17:52:41.100Z] INFO: MongoDB connected: localhost
[2025-04-12T17:52:44.081Z] INFO: Server running at http://localhost:3000
[2025-04-12T17:52:44.095Z] INFO: MongoDB connected: localhost
[2025-04-12T19:38:56.151Z] INFO: Server running at http://localhost:3000
[2025-04-12T19:38:56.179Z] INFO: MongoDB connected: localhost
[2025-04-12T19:58:44.100Z] INFO: Server running at http://localhost:3000
[2025-04-12T19:58:44.121Z] INFO: MongoDB connected: localhost
[2025-04-12T19:58:55.066Z] INFO: Server running at http://localhost:3000
[2025-04-12T19:58:55.081Z] INFO: MongoDB connected: localhost
[2025-04-12T20:07:13.113Z] INFO: Server running at http://localhost:3000
[2025-04-12T20:07:13.126Z] INFO: MongoDB connected: localhost
[2025-04-13T07:05:39.545Z] INFO: Server running at http://localhost:3000
[2025-04-13T07:05:39.615Z] INFO: MongoDB connected: localhost
[2025-04-13T07:10:09.162Z] INFO: Server running at http://localhost:3000
[2025-04-13T07:10:09.198Z] INFO: MongoDB connected: localhost
<<<<<<< HEAD
[2025-04-13T15:24:42.549Z] INFO: Server running at http://localhost:3000
[2025-04-13T15:24:42.594Z] INFO: MongoDB connected: localhost
[2025-04-13T15:25:03.732Z] INFO: Server running at http://localhost:3000
[2025-04-13T15:25:03.774Z] INFO: MongoDB connected: localhost
[2025-04-13T15:25:30.204Z] INFO: Server running at http://localhost:3000
[2025-04-13T15:25:30.250Z] INFO: MongoDB connected: localhost
[2025-04-13T15:25:39.414Z] INFO: Server running at http://localhost:3000
[2025-04-13T15:25:39.450Z] INFO: MongoDB connected: localhost
[2025-04-13T17:16:56.497Z] INFO: Server running at http://localhost:3000
[2025-04-13T17:16:56.535Z] INFO: MongoDB connected: localhost
[2025-04-13T17:17:00.916Z] INFO: Server running at http://localhost:3000
[2025-04-13T17:17:00.931Z] INFO: MongoDB connected: localhost
[2025-04-13T17:18:30.052Z] INFO: Server running at http://localhost:3000
[2025-04-13T17:18:30.070Z] INFO: MongoDB connected: localhost
[2025-04-13T17:18:40.123Z] INFO: Server running at http://localhost:3000
[2025-04-13T17:18:40.138Z] INFO: MongoDB connected: localhost
[2025-04-13T19:09:42.768Z] INFO: Server running at http://localhost:3000
[2025-04-13T19:09:42.837Z] INFO: MongoDB connected: localhost
[2025-04-13T19:33:01.412Z] INFO: Server running at http://localhost:3000
[2025-04-13T19:33:01.466Z] INFO: MongoDB connected: localhost
[2025-04-13T19:33:11.638Z] INFO: Server running at http://localhost:3000
[2025-04-13T19:33:11.691Z] INFO: MongoDB connected: localhost
[2025-04-13T19:33:20.662Z] INFO: Server running at http://localhost:3000
[2025-04-13T19:33:20.698Z] INFO: MongoDB connected: localhost
[2025-04-13T19:42:16.937Z] INFO: Server running at http://localhost:3000
[2025-04-13T19:42:16.985Z] INFO: MongoDB connected: localhost
[2025-04-13T19:42:43.779Z] INFO: Server running at http://localhost:3000
[2025-04-13T19:42:43.822Z] INFO: MongoDB connected: localhost
[2025-04-13T19:44:58.201Z] INFO: Server running at http://localhost:3000
[2025-04-13T19:44:58.243Z] INFO: MongoDB connected: localhost
[2025-04-13T19:59:51.798Z] INFO: Server running at http://localhost:3000
[2025-04-13T19:59:51.856Z] INFO: MongoDB connected: localhost
[2025-04-13T20:09:17.699Z] INFO: Server running at http://localhost:3000
[2025-04-13T20:09:17.753Z] INFO: MongoDB connected: localhost
[2025-04-13T20:21:04.470Z] INFO: Server running at http://localhost:3000
[2025-04-13T20:21:04.522Z] INFO: MongoDB connected: localhost
[2025-04-13T20:29:15.193Z] INFO: Server running at http://localhost:3000
[2025-04-13T20:29:15.237Z] INFO: MongoDB connected: localhost
[2025-04-14T06:22:58.440Z] INFO: Server running at http://localhost:3000
[2025-04-14T06:22:58.471Z] INFO: MongoDB connected: localhost
[2025-04-14T06:42:29.910Z] INFO: Server running at http://localhost:3000
[2025-04-14T06:42:29.936Z] INFO: MongoDB connected: localhost
[2025-04-14T06:43:01.806Z] INFO: Server running at http://localhost:3000
[2025-04-14T06:43:01.823Z] INFO: MongoDB connected: localhost
[2025-04-14T06:43:11.031Z] INFO: Server running at http://localhost:3000
[2025-04-14T06:43:11.045Z] INFO: MongoDB connected: localhost
[2025-04-14T06:46:31.542Z] INFO: Server running at http://localhost:3000
[2025-04-14T06:46:31.557Z] INFO: MongoDB connected: localhost
[2025-04-14T06:51:13.733Z] INFO: Server running at http://localhost:3000
[2025-04-14T06:51:13.750Z] INFO: MongoDB connected: localhost
[2025-04-14T06:51:27.403Z] INFO: Server running at http://localhost:3000
[2025-04-14T06:51:27.417Z] INFO: MongoDB connected: localhost
[2025-04-14T07:04:09.657Z] INFO: Server running at http://localhost:3000
[2025-04-14T07:04:09.680Z] INFO: MongoDB connected: localhost
[2025-04-14T07:04:13.902Z] INFO: Server running at http://localhost:3000
[2025-04-14T07:04:13.918Z] INFO: MongoDB connected: localhost
[2025-04-14T07:06:39.849Z] INFO: Server running at http://localhost:3000
[2025-04-14T07:06:39.863Z] INFO: MongoDB connected: localhost
[2025-04-14T07:10:35.115Z] INFO: Server running at http://localhost:3000
[2025-04-14T07:10:35.130Z] INFO: MongoDB connected: localhost
[2025-04-14T07:25:31.266Z] INFO: Server running at http://localhost:3000
[2025-04-14T07:25:31.291Z] INFO: MongoDB connected: localhost
[2025-04-14T07:34:00.442Z] INFO: Server running at http://localhost:3000
[2025-04-14T07:34:00.465Z] INFO: MongoDB connected: localhost
[2025-04-14T07:38:06.300Z] INFO: Server running at http://localhost:3000
[2025-04-14T07:38:06.315Z] INFO: MongoDB connected: localhost
=======
[2025-04-13T07:39:16.214Z] INFO: Server running at http://localhost:3000
[2025-04-13T07:39:16.287Z] INFO: MongoDB connected: localhost
[2025-04-13T09:05:32.145Z] INFO: Server running at http://localhost:3000
[2025-04-13T09:05:32.181Z] INFO: MongoDB connected: localhost
[2025-04-13T09:06:22.404Z] INFO: Server running at http://localhost:3000
[2025-04-13T09:06:22.437Z] INFO: MongoDB connected: localhost
[2025-04-13T09:10:30.216Z] INFO: Server running at http://localhost:3000
[2025-04-13T09:10:30.265Z] INFO: MongoDB connected: localhost
[2025-04-13T09:11:00.135Z] INFO: Server running at http://localhost:3000
[2025-04-13T09:11:00.154Z] INFO: MongoDB connected: localhost
[2025-04-13T09:11:01.651Z] INFO: Server running at http://localhost:3000
[2025-04-13T09:11:01.667Z] INFO: MongoDB connected: localhost
[2025-04-13T09:11:33.644Z] INFO: Server running at http://localhost:3000
[2025-04-13T09:11:33.676Z] INFO: MongoDB connected: localhost
[2025-04-13T10:23:42.729Z] INFO: Server running at http://localhost:3000
[2025-04-13T10:23:42.810Z] INFO: MongoDB connected: localhost
[2025-04-13T10:24:19.451Z] INFO: Server running at http://localhost:3000
[2025-04-13T10:24:19.533Z] INFO: MongoDB connected: localhost
[2025-04-13T10:24:29.149Z] INFO: Server running at http://localhost:3000
[2025-04-13T10:24:29.237Z] INFO: MongoDB connected: localhost
[2025-04-13T10:24:44.831Z] INFO: Server running at http://localhost:3000
[2025-04-13T10:24:44.909Z] INFO: MongoDB connected: localhost
[2025-04-13T10:26:11.554Z] INFO: Server running at http://localhost:3000
[2025-04-13T10:26:11.629Z] INFO: MongoDB connected: localhost
[2025-04-13T10:26:22.437Z] INFO: Server running at http://localhost:3000
[2025-04-13T10:26:22.535Z] INFO: MongoDB connected: localhost
[2025-04-13T10:33:27.951Z] INFO: Server running at http://localhost:3000
[2025-04-13T10:33:28.037Z] INFO: MongoDB connected: localhost
[2025-04-14T10:05:07.699Z] INFO: Server running at http://localhost:3000
[2025-04-14T10:05:07.783Z] INFO: MongoDB connected: localhost
[2025-04-14T10:52:27.491Z] INFO: Server running at http://localhost:3000
[2025-04-14T10:52:27.572Z] INFO: MongoDB connected: localhost
[2025-04-14T12:42:04.605Z] INFO: Server running at http://localhost:3000
[2025-04-14T12:42:04.714Z] INFO: MongoDB connected: localhost
[2025-04-14T13:39:42.390Z] INFO: Server running at http://localhost:3000
[2025-04-14T13:39:43.085Z] INFO: MongoDB connected: localhost
[2025-04-14T14:02:15.155Z] INFO: Server running at http://localhost:3000
[2025-04-14T14:02:15.201Z] INFO: MongoDB connected: localhost
[2025-04-14T14:07:06.773Z] INFO: Server running at http://localhost:3000
[2025-04-14T14:07:06.816Z] INFO: MongoDB connected: localhost
[2025-04-14T14:09:57.870Z] INFO: Server running at http://localhost:3000
[2025-04-14T14:09:57.891Z] INFO: MongoDB connected: localhost
[2025-04-14T14:13:25.714Z] INFO: Server running at http://localhost:3000
[2025-04-14T14:13:25.758Z] INFO: MongoDB connected: localhost
[2025-04-14T14:15:00.857Z] INFO: Server running at http://localhost:3000
[2025-04-14T14:15:00.875Z] INFO: MongoDB connected: localhost
[2025-04-14T14:17:34.587Z] INFO: Server running at http://localhost:3000
[2025-04-14T14:17:34.614Z] INFO: MongoDB connected: localhost
[2025-04-14T14:19:14.987Z] INFO: Server running at http://localhost:3000
[2025-04-14T14:19:15.010Z] INFO: MongoDB connected: localhost
[2025-04-14T14:50:45.443Z] INFO: Server running at http://localhost:3000
[2025-04-14T14:50:45.466Z] INFO: MongoDB connected: localhost
[2025-04-14T14:51:11.899Z] INFO: Server running at http://localhost:3000
[2025-04-14T14:51:11.916Z] INFO: MongoDB connected: localhost
[2025-04-14T14:51:18.937Z] INFO: Server running at http://localhost:3000
[2025-04-14T14:51:18.988Z] INFO: MongoDB connected: localhost
[2025-04-14T14:51:23.160Z] INFO: Server running at http://localhost:3000
[2025-04-14T14:51:23.190Z] INFO: MongoDB connected: localhost
[2025-04-14T14:51:30.564Z] INFO: Server running at http://localhost:3000
[2025-04-14T14:51:30.587Z] INFO: MongoDB connected: localhost
[2025-04-14T14:51:46.478Z] INFO: Server running at http://localhost:3000
[2025-04-14T14:51:46.499Z] INFO: MongoDB connected: localhost
[2025-04-14T14:52:00.970Z] INFO: Server running at http://localhost:3000
[2025-04-14T14:52:01.002Z] INFO: MongoDB connected: localhost
[2025-04-14T14:52:21.034Z] INFO: Server running at http://localhost:3000
[2025-04-14T14:52:21.071Z] INFO: MongoDB connected: localhost
[2025-04-14T14:52:46.433Z] INFO: Server running at http://localhost:3000
[2025-04-14T14:52:46.500Z] INFO: MongoDB connected: localhost
[2025-04-14T14:53:50.510Z] INFO: Server running at http://localhost:3000
[2025-04-14T14:53:50.574Z] INFO: MongoDB connected: localhost
[2025-04-14T14:54:00.199Z] INFO: Server running at http://localhost:3000
[2025-04-14T14:54:00.250Z] INFO: MongoDB connected: localhost
>>>>>>> origin/main
[2025-04-14T15:43:47.100Z] INFO: Server running at http://localhost:3000
[2025-04-14T15:43:47.155Z] INFO: MongoDB connected: localhost
